A D/AcquisitionEra////
A D/ApplicationExecutable////
A D/AssociatedFile////
A D/Block////
A D/BlockParent////
A D/BlockSite////
A D/BlockStorageElement////
A D/BranchHashe////
A D/ComponentStatus////
A D/DataTier////
A D/Dataset////
A D/DatasetOutputMod_config////
A D/DatasetParent////
A D/DatasetRun////
A D/DatasetType////
A D/DbsVersion////
A D/File////
A D/FileBuffer////
A D/FileLumi////
A D/FileOutputMod_config////
A D/FileParent////
A D/FileParentBlock////
A D/FileType////
A D/InsertTable////
A D/MigrationBlock////
A D/MigrationRequests////
A D/OutputModuleConfig////
A D/ParameterSetHashe////
A D/PhysicsGroup////
A D/PrimaryDSType////
A D/PrimaryDataset////
A D/ProcessedDataset////
A D/ProcessingEra////
A D/ReleaseVersion////
A D/Service////
A D/Site////
A D/StorageElement////
